{"uuid":"a005ea00-fd82-4534-afd5-1850421c293e","historyId":"596ff9fe2399181e96242c643c1e117","fullName":"LeagueOfLegends.ChempionSearchTest.testExel","labels":[{"name":"package","value":"LeagueOfLegends.ChempionSearchTest"},{"name":"testClass","value":"LeagueOfLegends.ChempionSearchTest"},{"name":"testMethod","value":"testExel"},{"name":"parentSuite","value":"Default Suite"},{"name":"suite","value":"HomePageTest.java"},{"name":"subSuite","value":"LeagueOfLegends.ChempionSearchTest"},{"name":"host","value":"WINDOWS-143B541"},{"name":"thread","value":"20988@WINDOWS-143B541.main(1)"},{"name":"framework","value":"testng"},{"name":"language","value":"java"}],"links":[],"name":"testExel","status":"failed","statusDetails":{"known":false,"muted":false,"flaky":false,"message":"Invalid element state [By.xpath: //span[text()='Ahri']]: element click intercepted: Element <span data-testid=\"list-1:name\" class=\"style__Text-n3ovyt-3 gMLOLF\">...</span> is not clickable at point (413, 748). Other element would receive the click: <span id=\"2604b3d4-43a5-4b63-9250-03471c68c262__label\" class=\"osano-cm-content__message osano-cm-message\">...</span>\r\nScreenshot: file:/C:/Users/User/Desktop/davaleba6/build/reports/tests/1668174271370.0.png\r\nPage source: file:/C:/Users/User/Desktop/davaleba6/build/reports/tests/1668174271370.0.html\r\nTimeout: 4 s.\r\nCaused by: ElementClickInterceptedException: element click intercepted: Element <span data-testid=\"list-1:name\" class=\"style__Text-n3ovyt-3 gMLOLF\">...</span> is not clickable at point (413, 748). Other element would receive the click: <span id=\"2604b3d4-43a5-4b63-9250-03471c68c262__label\" class=\"osano-cm-content__message osano-cm-message\">...</span>","trace":"Invalid element state [By.xpath: //span[text()='Ahri']]: element click intercepted: Element <span data-testid=\"list-1:name\" class=\"style__Text-n3ovyt-3 gMLOLF\">...</span> is not clickable at point (413, 748). Other element would receive the click: <span id=\"2604b3d4-43a5-4b63-9250-03471c68c262__label\" class=\"osano-cm-content__message osano-cm-message\">...</span>\r\nScreenshot: file:/C:/Users/User/Desktop/davaleba6/build/reports/tests/1668174271370.0.png\r\nPage source: file:/C:/Users/User/Desktop/davaleba6/build/reports/tests/1668174271370.0.html\r\nTimeout: 4 s.\r\nCaused by: ElementClickInterceptedException: element click intercepted: Element <span data-testid=\"list-1:name\" class=\"style__Text-n3ovyt-3 gMLOLF\">...</span> is not clickable at point (413, 748). Other element would receive the click: <span id=\"2604b3d4-43a5-4b63-9250-03471c68c262__label\" class=\"osano-cm-content__message osano-cm-message\">...</span>\r\n\tat com.codeborne.selenide.impl.ExceptionWrapper.wrap(ExceptionWrapper.java:26)\r\n\tat com.codeborne.selenide.impl.SelenideElementProxy.dispatchAndRetry(SelenideElementProxy.java:152)\r\n\tat com.codeborne.selenide.impl.SelenideElementProxy.invoke(SelenideElementProxy.java:82)\r\n\tat jdk.proxy2/jdk.proxy2.$Proxy15.click(Unknown Source)\r\n\tat LeagueOfLegends.ChempionSearchTest.testExel(ChempionSearchTest.java:34)\r\n\tat java.base/jdk.internal.reflect.DirectMethodHandleAccessor.invoke(DirectMethodHandleAccessor.java:104)\r\n\tat java.base/java.lang.reflect.Method.invoke(Method.java:577)\r\n\tat org.testng.internal.invokers.MethodInvocationHelper.invokeMethod(MethodInvocationHelper.java:139)\r\n\tat org.testng.internal.invokers.TestInvoker.invokeMethod(TestInvoker.java:677)\r\n\tat org.testng.internal.invokers.TestInvoker.invokeTestMethod(TestInvoker.java:221)\r\n\tat org.testng.internal.invokers.MethodRunner.runInSequence(MethodRunner.java:50)\r\n\tat org.testng.internal.invokers.TestInvoker$MethodInvocationAgent.invoke(TestInvoker.java:962)\r\n\tat org.testng.internal.invokers.TestInvoker.invokeTestMethods(TestInvoker.java:194)\r\n\tat org.testng.internal.invokers.TestMethodWorker.invokeTestMethods(TestMethodWorker.java:148)\r\n\tat org.testng.internal.invokers.TestMethodWorker.run(TestMethodWorker.java:128)\r\n\tat java.base/java.util.ArrayList.forEach(ArrayList.java:1511)\r\n\tat org.testng.TestRunner.privateRun(TestRunner.java:806)\r\n\tat org.testng.TestRunner.run(TestRunner.java:601)\r\n\tat org.testng.SuiteRunner.runTest(SuiteRunner.java:433)\r\n\tat org.testng.SuiteRunner.runSequentially(SuiteRunner.java:427)\r\n\tat org.testng.SuiteRunner.privateRun(SuiteRunner.java:387)\r\n\tat org.testng.SuiteRunner.run(SuiteRunner.java:330)\r\n\tat org.testng.SuiteRunnerWorker.runSuite(SuiteRunnerWorker.java:52)\r\n\tat org.testng.SuiteRunnerWorker.run(SuiteRunnerWorker.java:95)\r\n\tat org.testng.TestNG.runSuitesSequentially(TestNG.java:1256)\r\n\tat org.testng.TestNG.runSuitesLocally(TestNG.java:1176)\r\n\tat org.testng.TestNG.runSuites(TestNG.java:1099)\r\n\tat org.testng.TestNG.run(TestNG.java:1067)\r\n\tat com.intellij.rt.testng.IDEARemoteTestNG.run(IDEARemoteTestNG.java:66)\r\n\tat com.intellij.rt.testng.RemoteTestNGStarter.main(RemoteTestNGStarter.java:109)\r\nCaused by: org.openqa.selenium.ElementClickInterceptedException: element click intercepted: Element <span data-testid=\"list-1:name\" class=\"style__Text-n3ovyt-3 gMLOLF\">...</span> is not clickable at point (413, 748). Other element would receive the click: <span id=\"2604b3d4-43a5-4b63-9250-03471c68c262__label\" class=\"osano-cm-content__message osano-cm-message\">...</span>\n  (Session info: chrome=107.0.5304.107)\nBuild info: version: '4.5.0', revision: 'fe167b119a'\nSystem info: os.name: 'Windows 10', os.arch: 'amd64', os.version: '10.0', java.version: '18.0.2.1'\nDriver info: org.openqa.selenium.chrome.ChromeDriver\nCommand: [2bd268bb811b7e43854acdf77fbc14b0, clickElement {id=892e28a5-6348-4c94-9718-077940c8a5b7}]\nCapabilities {acceptInsecureCerts: true, browserName: chrome, browserVersion: 107.0.5304.107, chrome: {chromedriverVersion: 107.0.5304.62 (1eec40d3a576..., userDataDir: C:\\Users\\User\\AppData\\Local...}, goog:chromeOptions: {debuggerAddress: localhost:51083}, networkConnectionEnabled: false, pageLoadStrategy: normal, platformName: WINDOWS, proxy: Proxy(), se:cdp: ws://localhost:51083/devtoo..., se:cdpVersion: 107.0.5304.107, setWindowRect: true, strictFileInteractability: false, timeouts: {implicit: 0, pageLoad: 300000, script: 30000}, unhandledPromptBehavior: accept, webauthn:extension:credBlob: true, webauthn:extension:largeBlob: true, webauthn:virtualAuthenticators: true}\nElement: [[ChromeDriver: chrome on WINDOWS (2bd268bb811b7e43854acdf77fbc14b0)] -> xpath: //span[text()='Ahri']]\nSession ID: 2bd268bb811b7e43854acdf77fbc14b0\r\n\tat java.base/jdk.internal.reflect.DirectConstructorHandleAccessor.newInstance(DirectConstructorHandleAccessor.java:67)\r\n\tat java.base/java.lang.reflect.Constructor.newInstanceWithCaller(Constructor.java:499)\r\n\tat java.base/java.lang.reflect.Constructor.newInstance(Constructor.java:483)\r\n\tat org.openqa.selenium.remote.codec.w3c.W3CHttpResponseCodec.createException(W3CHttpResponseCodec.java:200)\r\n\tat org.openqa.selenium.remote.codec.w3c.W3CHttpResponseCodec.decode(W3CHttpResponseCodec.java:133)\r\n\tat org.openqa.selenium.remote.codec.w3c.W3CHttpResponseCodec.decode(W3CHttpResponseCodec.java:53)\r\n\tat org.openqa.selenium.remote.HttpCommandExecutor.execute(HttpCommandExecutor.java:184)\r\n\tat org.openqa.selenium.remote.service.DriverCommandExecutor.invokeExecute(DriverCommandExecutor.java:167)\r\n\tat org.openqa.selenium.remote.service.DriverCommandExecutor.execute(DriverCommandExecutor.java:142)\r\n\tat org.openqa.selenium.remote.RemoteWebDriver.execute(RemoteWebDriver.java:547)\r\n\tat org.openqa.selenium.remote.RemoteWebElement.execute(RemoteWebElement.java:257)\r\n\tat org.openqa.selenium.remote.RemoteWebElement.click(RemoteWebElement.java:78)\r\n\tat com.codeborne.selenide.commands.Click.defaultClick(Click.java:97)\r\n\tat com.codeborne.selenide.commands.Click.click(Click.java:54)\r\n\tat com.codeborne.selenide.commands.Click.execute(Click.java:31)\r\n\tat com.codeborne.selenide.commands.Click.execute(Click.java:21)\r\n\tat com.codeborne.selenide.commands.Commands.execute(Commands.java:157)\r\n\tat com.codeborne.selenide.impl.SelenideElementProxy.dispatchAndRetry(SelenideElementProxy.java:130)\r\n\t... 28 more\r\n"},"stage":"finished","steps":[],"attachments":[],"parameters":[],"start":1668174264033,"stop":1668174272405}