{"uuid":"bfe8f28d-c852-4f0c-96d9-1826833835dc","historyId":"bbcd153a310c1e6d7c4d70b7610fe66d","fullName":"LeagueOfLegends.ChempionSearchTest.DificoltAssasin","labels":[{"name":"package","value":"LeagueOfLegends.ChempionSearchTest"},{"name":"testClass","value":"LeagueOfLegends.ChempionSearchTest"},{"name":"testMethod","value":"DificoltAssasin"},{"name":"parentSuite","value":"Default Suite"},{"name":"suite","value":"HomePageTest.java"},{"name":"subSuite","value":"LeagueOfLegends.ChempionSearchTest"},{"name":"host","value":"WINDOWS-143B541"},{"name":"thread","value":"7252@WINDOWS-143B541.main(1)"},{"name":"framework","value":"testng"},{"name":"language","value":"java"}],"links":[],"name":"DificoltAssasin","status":"failed","statusDetails":{"known":false,"muted":false,"flaky":false,"message":"Invalid element state [by text: Ahri]: element click intercepted: Element <span data-testid=\"overview:title\">...</span> is not clickable at point (759, 722). Other element would receive the click: <span id=\"a59794ee-dded-4041-80c5-a1f19a96eeb6__label\" class=\"osano-cm-content__message osano-cm-message\">...</span>\r\nScreenshot: file:/C:/Users/User/Desktop/davaleba6/build/reports/tests/1668190193497.0.png\r\nPage source: file:/C:/Users/User/Desktop/davaleba6/build/reports/tests/1668190193497.0.html\r\nTimeout: 4 s.\r\nCaused by: ElementClickInterceptedException: element click intercepted: Element <span data-testid=\"overview:title\">...</span> is not clickable at point (759, 722). Other element would receive the click: <span id=\"a59794ee-dded-4041-80c5-a1f19a96eeb6__label\" class=\"osano-cm-content__message osano-cm-message\">...</span>","trace":"Invalid element state [by text: Ahri]: element click intercepted: Element <span data-testid=\"overview:title\">...</span> is not clickable at point (759, 722). Other element would receive the click: <span id=\"a59794ee-dded-4041-80c5-a1f19a96eeb6__label\" class=\"osano-cm-content__message osano-cm-message\">...</span>\r\nScreenshot: file:/C:/Users/User/Desktop/davaleba6/build/reports/tests/1668190193497.0.png\r\nPage source: file:/C:/Users/User/Desktop/davaleba6/build/reports/tests/1668190193497.0.html\r\nTimeout: 4 s.\r\nCaused by: ElementClickInterceptedException: element click intercepted: Element <span data-testid=\"overview:title\">...</span> is not clickable at point (759, 722). Other element would receive the click: <span id=\"a59794ee-dded-4041-80c5-a1f19a96eeb6__label\" class=\"osano-cm-content__message osano-cm-message\">...</span>\r\n\tat com.codeborne.selenide.impl.ExceptionWrapper.wrap(ExceptionWrapper.java:26)\r\n\tat com.codeborne.selenide.impl.SelenideElementProxy.dispatchAndRetry(SelenideElementProxy.java:152)\r\n\tat com.codeborne.selenide.impl.SelenideElementProxy.invoke(SelenideElementProxy.java:82)\r\n\tat jdk.proxy2/jdk.proxy2.$Proxy6.click(Unknown Source)\r\n\tat StepObject.ChempionsSteps.Assasinbtn(ChempionsSteps.java:31)\r\n\tat LeagueOfLegends.ChempionSearchTest.DificoltAssasin(ChempionSearchTest.java:45)\r\n\tat java.base/jdk.internal.reflect.DirectMethodHandleAccessor.invoke(DirectMethodHandleAccessor.java:104)\r\n\tat java.base/java.lang.reflect.Method.invoke(Method.java:577)\r\n\tat org.testng.internal.invokers.MethodInvocationHelper.invokeMethod(MethodInvocationHelper.java:139)\r\n\tat org.testng.internal.invokers.TestInvoker.invokeMethod(TestInvoker.java:677)\r\n\tat org.testng.internal.invokers.TestInvoker.invokeTestMethod(TestInvoker.java:221)\r\n\tat org.testng.internal.invokers.MethodRunner.runInSequence(MethodRunner.java:50)\r\n\tat org.testng.internal.invokers.TestInvoker$MethodInvocationAgent.invoke(TestInvoker.java:962)\r\n\tat org.testng.internal.invokers.TestInvoker.invokeTestMethods(TestInvoker.java:194)\r\n\tat org.testng.internal.invokers.TestMethodWorker.invokeTestMethods(TestMethodWorker.java:148)\r\n\tat org.testng.internal.invokers.TestMethodWorker.run(TestMethodWorker.java:128)\r\n\tat java.base/java.util.ArrayList.forEach(ArrayList.java:1511)\r\n\tat org.testng.TestRunner.privateRun(TestRunner.java:806)\r\n\tat org.testng.TestRunner.run(TestRunner.java:601)\r\n\tat org.testng.SuiteRunner.runTest(SuiteRunner.java:433)\r\n\tat org.testng.SuiteRunner.runSequentially(SuiteRunner.java:427)\r\n\tat org.testng.SuiteRunner.privateRun(SuiteRunner.java:387)\r\n\tat org.testng.SuiteRunner.run(SuiteRunner.java:330)\r\n\tat org.testng.SuiteRunnerWorker.runSuite(SuiteRunnerWorker.java:52)\r\n\tat org.testng.SuiteRunnerWorker.run(SuiteRunnerWorker.java:95)\r\n\tat org.testng.TestNG.runSuitesSequentially(TestNG.java:1256)\r\n\tat org.testng.TestNG.runSuitesLocally(TestNG.java:1176)\r\n\tat org.testng.TestNG.runSuites(TestNG.java:1099)\r\n\tat org.testng.TestNG.run(TestNG.java:1067)\r\n\tat com.intellij.rt.testng.IDEARemoteTestNG.run(IDEARemoteTestNG.java:66)\r\n\tat com.intellij.rt.testng.RemoteTestNGStarter.main(RemoteTestNGStarter.java:109)\r\nCaused by: org.openqa.selenium.ElementClickInterceptedException: element click intercepted: Element <span data-testid=\"overview:title\">...</span> is not clickable at point (759, 722). Other element would receive the click: <span id=\"a59794ee-dded-4041-80c5-a1f19a96eeb6__label\" class=\"osano-cm-content__message osano-cm-message\">...</span>\n  (Session info: chrome=107.0.5304.107)\nBuild info: version: '4.5.0', revision: 'fe167b119a'\nSystem info: os.name: 'Windows 10', os.arch: 'amd64', os.version: '10.0', java.version: '18.0.2.1'\nDriver info: org.openqa.selenium.chrome.ChromeDriver\nCommand: [5477a9f88f1f9842e785a43b381895bd, clickElement {id=938af2b9-9869-4a3e-b579-5d00e0dc5b9f}]\nCapabilities {acceptInsecureCerts: true, browserName: chrome, browserVersion: 107.0.5304.107, chrome: {chromedriverVersion: 107.0.5304.62 (1eec40d3a576..., userDataDir: C:\\Users\\User\\AppData\\Local...}, goog:chromeOptions: {debuggerAddress: localhost:54091}, networkConnectionEnabled: false, pageLoadStrategy: normal, platformName: WINDOWS, proxy: Proxy(), se:cdp: ws://localhost:54091/devtoo..., se:cdpVersion: 107.0.5304.107, setWindowRect: true, strictFileInteractability: false, timeouts: {implicit: 0, pageLoad: 300000, script: 30000}, unhandledPromptBehavior: accept, webauthn:extension:credBlob: true, webauthn:extension:largeBlob: true, webauthn:virtualAuthenticators: true}\nElement: [[ChromeDriver: chrome on WINDOWS (5477a9f88f1f9842e785a43b381895bd)] -> xpath: .//*/text()[normalize-space(translate(string(.), '\t\n\rÂ ', '    ')) = \"Ahri\"]/parent::*]\nSession ID: 5477a9f88f1f9842e785a43b381895bd\r\n\tat java.base/jdk.internal.reflect.DirectConstructorHandleAccessor.newInstance(DirectConstructorHandleAccessor.java:67)\r\n\tat java.base/java.lang.reflect.Constructor.newInstanceWithCaller(Constructor.java:499)\r\n\tat java.base/java.lang.reflect.Constructor.newInstance(Constructor.java:483)\r\n\tat org.openqa.selenium.remote.codec.w3c.W3CHttpResponseCodec.createException(W3CHttpResponseCodec.java:200)\r\n\tat org.openqa.selenium.remote.codec.w3c.W3CHttpResponseCodec.decode(W3CHttpResponseCodec.java:133)\r\n\tat org.openqa.selenium.remote.codec.w3c.W3CHttpResponseCodec.decode(W3CHttpResponseCodec.java:53)\r\n\tat org.openqa.selenium.remote.HttpCommandExecutor.execute(HttpCommandExecutor.java:184)\r\n\tat org.openqa.selenium.remote.service.DriverCommandExecutor.invokeExecute(DriverCommandExecutor.java:167)\r\n\tat org.openqa.selenium.remote.service.DriverCommandExecutor.execute(DriverCommandExecutor.java:142)\r\n\tat org.openqa.selenium.remote.RemoteWebDriver.execute(RemoteWebDriver.java:547)\r\n\tat org.openqa.selenium.remote.RemoteWebElement.execute(RemoteWebElement.java:257)\r\n\tat org.openqa.selenium.remote.RemoteWebElement.click(RemoteWebElement.java:78)\r\n\tat com.codeborne.selenide.commands.Click.defaultClick(Click.java:97)\r\n\tat com.codeborne.selenide.commands.Click.click(Click.java:54)\r\n\tat com.codeborne.selenide.commands.Click.execute(Click.java:31)\r\n\tat com.codeborne.selenide.commands.Click.execute(Click.java:21)\r\n\tat com.codeborne.selenide.commands.Commands.execute(Commands.java:157)\r\n\tat com.codeborne.selenide.impl.SelenideElementProxy.dispatchAndRetry(SelenideElementProxy.java:130)\r\n\t... 29 more\r\n"},"stage":"finished","steps":[],"attachments":[],"parameters":[],"start":1668190187822,"stop":1668190194760}