{"uuid":"e80acf29-1290-420e-a391-ef70063a81bc","historyId":"596ff9fe2399181e96242c643c1e117","fullName":"LeagueOfLegends.ChempionSearchTest.testExel","labels":[{"name":"package","value":"LeagueOfLegends.ChempionSearchTest"},{"name":"testClass","value":"LeagueOfLegends.ChempionSearchTest"},{"name":"testMethod","value":"testExel"},{"name":"parentSuite","value":"Default Suite"},{"name":"suite","value":"HomePageTest.java"},{"name":"subSuite","value":"LeagueOfLegends.ChempionSearchTest"},{"name":"host","value":"WINDOWS-143B541"},{"name":"thread","value":"11312@WINDOWS-143B541.main(1)"},{"name":"framework","value":"testng"},{"name":"language","value":"java"}],"links":[],"name":"testExel","status":"failed","statusDetails":{"known":false,"muted":false,"flaky":false,"message":"UnexpectedTagNameException: Element should have been \"select\" but was \"div\"\r\nScreenshot: file:/C:/Users/User/Desktop/davaleba6/build/reports/tests/1667978158848.0.png\r\nPage source: file:/C:/Users/User/Desktop/davaleba6/build/reports/tests/1667978158848.0.html\r\nTimeout: 4 s.\r\nCaused by: support.ui.UnexpectedTagNameException: Element should have been \"select\" but was \"div\"","trace":"UnexpectedTagNameException: Element should have been \"select\" but was \"div\"\r\nScreenshot: file:/C:/Users/User/Desktop/davaleba6/build/reports/tests/1667978158848.0.png\r\nPage source: file:/C:/Users/User/Desktop/davaleba6/build/reports/tests/1667978158848.0.html\r\nTimeout: 4 s.\r\nCaused by: support.ui.UnexpectedTagNameException: Element should have been \"select\" but was \"div\"\r\n\tat com.codeborne.selenide.ex.UIAssertionError.wrapToUIAssertionError(UIAssertionError.java:103)\r\n\tat com.codeborne.selenide.ex.UIAssertionError.wrapThrowable(UIAssertionError.java:86)\r\n\tat com.codeborne.selenide.ex.UIAssertionError.wrap(UIAssertionError.java:80)\r\n\tat com.codeborne.selenide.impl.SelenideElementProxy.invoke(SelenideElementProxy.java:92)\r\n\tat jdk.proxy2/jdk.proxy2.$Proxy14.selectOptionByValue(Unknown Source)\r\n\tat LeagueOfLegends.ChempionSearchTest.testExel(ChempionSearchTest.java:26)\r\n\tat java.base/jdk.internal.reflect.DirectMethodHandleAccessor.invoke(DirectMethodHandleAccessor.java:104)\r\n\tat java.base/java.lang.reflect.Method.invoke(Method.java:577)\r\n\tat org.testng.internal.invokers.MethodInvocationHelper.invokeMethod(MethodInvocationHelper.java:139)\r\n\tat org.testng.internal.invokers.TestInvoker.invokeMethod(TestInvoker.java:677)\r\n\tat org.testng.internal.invokers.TestInvoker.invokeTestMethod(TestInvoker.java:221)\r\n\tat org.testng.internal.invokers.MethodRunner.runInSequence(MethodRunner.java:50)\r\n\tat org.testng.internal.invokers.TestInvoker$MethodInvocationAgent.invoke(TestInvoker.java:962)\r\n\tat org.testng.internal.invokers.TestInvoker.invokeTestMethods(TestInvoker.java:194)\r\n\tat org.testng.internal.invokers.TestMethodWorker.invokeTestMethods(TestMethodWorker.java:148)\r\n\tat org.testng.internal.invokers.TestMethodWorker.run(TestMethodWorker.java:128)\r\n\tat java.base/java.util.ArrayList.forEach(ArrayList.java:1511)\r\n\tat org.testng.TestRunner.privateRun(TestRunner.java:806)\r\n\tat org.testng.TestRunner.run(TestRunner.java:601)\r\n\tat org.testng.SuiteRunner.runTest(SuiteRunner.java:433)\r\n\tat org.testng.SuiteRunner.runSequentially(SuiteRunner.java:427)\r\n\tat org.testng.SuiteRunner.privateRun(SuiteRunner.java:387)\r\n\tat org.testng.SuiteRunner.run(SuiteRunner.java:330)\r\n\tat org.testng.SuiteRunnerWorker.runSuite(SuiteRunnerWorker.java:52)\r\n\tat org.testng.SuiteRunnerWorker.run(SuiteRunnerWorker.java:95)\r\n\tat org.testng.TestNG.runSuitesSequentially(TestNG.java:1256)\r\n\tat org.testng.TestNG.runSuitesLocally(TestNG.java:1176)\r\n\tat org.testng.TestNG.runSuites(TestNG.java:1099)\r\n\tat org.testng.TestNG.run(TestNG.java:1067)\r\n\tat com.intellij.rt.testng.IDEARemoteTestNG.run(IDEARemoteTestNG.java:66)\r\n\tat com.intellij.rt.testng.RemoteTestNGStarter.main(RemoteTestNGStarter.java:109)\r\nCaused by: org.openqa.selenium.support.ui.UnexpectedTagNameException: Element should have been \"select\" but was \"div\"\nBuild info: version: '4.5.0', revision: 'fe167b119a'\nSystem info: os.name: 'Windows 10', os.arch: 'amd64', os.version: '10.0', java.version: '18.0.2.1'\nDriver info: driver.version: unknown\r\n\tat org.openqa.selenium.support.ui.Select.<init>(Select.java:49)\r\n\tat com.codeborne.selenide.commands.SelectOptionByValue.execute(SelectOptionByValue.java:20)\r\n\tat com.codeborne.selenide.commands.SelectOptionByValue.execute(SelectOptionByValue.java:15)\r\n\tat com.codeborne.selenide.commands.Commands.execute(Commands.java:157)\r\n\tat com.codeborne.selenide.impl.SelenideElementProxy.dispatchAndRetry(SelenideElementProxy.java:130)\r\n\tat com.codeborne.selenide.impl.SelenideElementProxy.invoke(SelenideElementProxy.java:82)\r\n\t... 27 more\r\n"},"stage":"finished","steps":[],"attachments":[],"parameters":[],"start":1667978145458,"stop":1667978159440}